[0.025s] Invoking command in '/home/angmolgo/Projects/Devs/ROS2Devs/ROS2_tutorial/01_Basics/00_Workspaces_and_packages/ws_workspace/build/pkg_package': CMAKE_PREFIX_PATH=/opt/ros/jazzy /usr/bin/cmake /home/angmolgo/Projects/Devs/ROS2Devs/ROS2_tutorial/01_Basics/00_Workspaces_and_packages/ws_workspace/src/pkg_package -DCMAKE_INSTALL_PREFIX=/home/angmolgo/Projects/Devs/ROS2Devs/ROS2_tutorial/01_Basics/00_Workspaces_and_packages/ws_workspace/install/pkg_package
[0.713s] -- The C compiler identification is GNU 13.3.0
[1.090s] -- The CXX compiler identification is GNU 13.3.0
[1.132s] -- Detecting C compiler ABI info
[1.322s] -- Detecting C compiler ABI info - done
[1.339s] -- Check for working C compiler: /usr/bin/cc - skipped
[1.340s] -- Detecting C compile features
[1.341s] -- Detecting C compile features - done
[1.358s] -- Detecting CXX compiler ABI info
[1.539s] -- Detecting CXX compiler ABI info - done
[1.555s] -- Check for working CXX compiler: /usr/bin/c++ - skipped
[1.556s] -- Detecting CXX compile features
[1.556s] -- Detecting CXX compile features - done
[1.570s] -- Found ament_cmake: 2.5.2 (/opt/ros/jazzy/share/ament_cmake/cmake)
[1.801s] -- Found Python3: /usr/bin/python3 (found version "3.12.3") found components: Interpreter 
[1.994s] -- Found ament_lint_auto: 0.17.1 (/opt/ros/jazzy/share/ament_lint_auto/cmake)
[2.180s] -- Added test 'lint_cmake' to check CMake code style
[2.184s] -- Added test 'xmllint' to check XML markup files
[2.187s] -- Configuring done (2.0s)
[2.194s] -- Generating done (0.0s)
[2.197s] -- Build files have been written to: /home/angmolgo/Projects/Devs/ROS2Devs/ROS2_tutorial/01_Basics/00_Workspaces_and_packages/ws_workspace/build/pkg_package
[2.206s] Invoked command in '/home/angmolgo/Projects/Devs/ROS2Devs/ROS2_tutorial/01_Basics/00_Workspaces_and_packages/ws_workspace/build/pkg_package' returned '0': CMAKE_PREFIX_PATH=/opt/ros/jazzy /usr/bin/cmake /home/angmolgo/Projects/Devs/ROS2Devs/ROS2_tutorial/01_Basics/00_Workspaces_and_packages/ws_workspace/src/pkg_package -DCMAKE_INSTALL_PREFIX=/home/angmolgo/Projects/Devs/ROS2Devs/ROS2_tutorial/01_Basics/00_Workspaces_and_packages/ws_workspace/install/pkg_package
[2.208s] Invoking command in '/home/angmolgo/Projects/Devs/ROS2Devs/ROS2_tutorial/01_Basics/00_Workspaces_and_packages/ws_workspace/build/pkg_package': CMAKE_PREFIX_PATH=/opt/ros/jazzy /usr/bin/cmake --build /home/angmolgo/Projects/Devs/ROS2Devs/ROS2_tutorial/01_Basics/00_Workspaces_and_packages/ws_workspace/build/pkg_package -- -j4 -l4
[2.274s] Invoked command in '/home/angmolgo/Projects/Devs/ROS2Devs/ROS2_tutorial/01_Basics/00_Workspaces_and_packages/ws_workspace/build/pkg_package' returned '0': CMAKE_PREFIX_PATH=/opt/ros/jazzy /usr/bin/cmake --build /home/angmolgo/Projects/Devs/ROS2Devs/ROS2_tutorial/01_Basics/00_Workspaces_and_packages/ws_workspace/build/pkg_package -- -j4 -l4
[2.292s] Invoking command in '/home/angmolgo/Projects/Devs/ROS2Devs/ROS2_tutorial/01_Basics/00_Workspaces_and_packages/ws_workspace/build/pkg_package': CMAKE_PREFIX_PATH=/opt/ros/jazzy /usr/bin/cmake --install /home/angmolgo/Projects/Devs/ROS2Devs/ROS2_tutorial/01_Basics/00_Workspaces_and_packages/ws_workspace/build/pkg_package
[2.306s] -- Install configuration: ""
[2.306s] -- Installing: /home/angmolgo/Projects/Devs/ROS2Devs/ROS2_tutorial/01_Basics/00_Workspaces_and_packages/ws_workspace/install/pkg_package/share/ament_index/resource_index/package_run_dependencies/pkg_package
[2.306s] -- Installing: /home/angmolgo/Projects/Devs/ROS2Devs/ROS2_tutorial/01_Basics/00_Workspaces_and_packages/ws_workspace/install/pkg_package/share/ament_index/resource_index/parent_prefix_path/pkg_package
[2.307s] -- Installing: /home/angmolgo/Projects/Devs/ROS2Devs/ROS2_tutorial/01_Basics/00_Workspaces_and_packages/ws_workspace/install/pkg_package/share/pkg_package/environment/ament_prefix_path.sh
[2.307s] -- Installing: /home/angmolgo/Projects/Devs/ROS2Devs/ROS2_tutorial/01_Basics/00_Workspaces_and_packages/ws_workspace/install/pkg_package/share/pkg_package/environment/ament_prefix_path.dsv
[2.307s] -- Installing: /home/angmolgo/Projects/Devs/ROS2Devs/ROS2_tutorial/01_Basics/00_Workspaces_and_packages/ws_workspace/install/pkg_package/share/pkg_package/environment/path.sh
[2.307s] -- Installing: /home/angmolgo/Projects/Devs/ROS2Devs/ROS2_tutorial/01_Basics/00_Workspaces_and_packages/ws_workspace/install/pkg_package/share/pkg_package/environment/path.dsv
[2.307s] -- Installing: /home/angmolgo/Projects/Devs/ROS2Devs/ROS2_tutorial/01_Basics/00_Workspaces_and_packages/ws_workspace/install/pkg_package/share/pkg_package/local_setup.bash
[2.308s] -- Installing: /home/angmolgo/Projects/Devs/ROS2Devs/ROS2_tutorial/01_Basics/00_Workspaces_and_packages/ws_workspace/install/pkg_package/share/pkg_package/local_setup.sh
[2.308s] -- Installing: /home/angmolgo/Projects/Devs/ROS2Devs/ROS2_tutorial/01_Basics/00_Workspaces_and_packages/ws_workspace/install/pkg_package/share/pkg_package/local_setup.zsh
[2.308s] -- Installing: /home/angmolgo/Projects/Devs/ROS2Devs/ROS2_tutorial/01_Basics/00_Workspaces_and_packages/ws_workspace/install/pkg_package/share/pkg_package/local_setup.dsv
[2.308s] -- Installing: /home/angmolgo/Projects/Devs/ROS2Devs/ROS2_tutorial/01_Basics/00_Workspaces_and_packages/ws_workspace/install/pkg_package/share/pkg_package/package.dsv
[2.308s] -- Installing: /home/angmolgo/Projects/Devs/ROS2Devs/ROS2_tutorial/01_Basics/00_Workspaces_and_packages/ws_workspace/install/pkg_package/share/ament_index/resource_index/packages/pkg_package
[2.309s] -- Installing: /home/angmolgo/Projects/Devs/ROS2Devs/ROS2_tutorial/01_Basics/00_Workspaces_and_packages/ws_workspace/install/pkg_package/share/pkg_package/cmake/pkg_packageConfig.cmake
[2.309s] -- Installing: /home/angmolgo/Projects/Devs/ROS2Devs/ROS2_tutorial/01_Basics/00_Workspaces_and_packages/ws_workspace/install/pkg_package/share/pkg_package/cmake/pkg_packageConfig-version.cmake
[2.309s] -- Installing: /home/angmolgo/Projects/Devs/ROS2Devs/ROS2_tutorial/01_Basics/00_Workspaces_and_packages/ws_workspace/install/pkg_package/share/pkg_package/package.xml
[2.312s] Invoked command in '/home/angmolgo/Projects/Devs/ROS2Devs/ROS2_tutorial/01_Basics/00_Workspaces_and_packages/ws_workspace/build/pkg_package' returned '0': CMAKE_PREFIX_PATH=/opt/ros/jazzy /usr/bin/cmake --install /home/angmolgo/Projects/Devs/ROS2Devs/ROS2_tutorial/01_Basics/00_Workspaces_and_packages/ws_workspace/build/pkg_package
