[0.012s] Invoking command in '/home/angmolgo/Projects/Devs/ROS2Devs/ROS2_tutorial/01_Basics/ws_workspace/build/pkg_pub': CMAKE_PREFIX_PATH=${CMAKE_PREFIX_PATH}:/opt/ros/jazzy /usr/bin/cmake /home/angmolgo/Projects/Devs/ROS2Devs/ROS2_tutorial/01_Basics/ws_workspace/src/pkg_pub -DCMAKE_INSTALL_PREFIX=/home/angmolgo/Projects/Devs/ROS2Devs/ROS2_tutorial/01_Basics/ws_workspace/install/pkg_pub
[0.113s] -- The C compiler identification is GNU 13.3.0
[0.215s] -- The CXX compiler identification is GNU 13.3.0
[0.244s] -- Detecting C compiler ABI info
[0.410s] -- Detecting C compiler ABI info - done
[0.426s] -- Check for working C compiler: /usr/bin/cc - skipped
[0.427s] -- Detecting C compile features
[0.427s] -- Detecting C compile features - done
[0.441s] -- Detecting CXX compiler ABI info
[0.621s] -- Detecting CXX compiler ABI info - done
[0.637s] -- Check for working CXX compiler: /usr/bin/c++ - skipped
[0.637s] -- Detecting CXX compile features
[0.638s] -- Detecting CXX compile features - done
[0.641s] -- Found ament_cmake: 2.5.2 (/opt/ros/jazzy/share/ament_cmake/cmake)
[0.857s] -- Found Python3: /usr/bin/python3 (found version "3.12.3") found components: Interpreter 
[1.016s] -- Found rclcpp: 28.1.5 (/opt/ros/jazzy/share/rclcpp/cmake)
[1.057s] -- Found rosidl_generator_c: 4.6.4 (/opt/ros/jazzy/share/rosidl_generator_c/cmake)
[1.073s] -- Found rosidl_generator_cpp: 4.6.4 (/opt/ros/jazzy/share/rosidl_generator_cpp/cmake)
[1.092s] -- Using all available rosidl_typesupport_c: rosidl_typesupport_fastrtps_c;rosidl_typesupport_introspection_c
[1.113s] -- Using all available rosidl_typesupport_cpp: rosidl_typesupport_fastrtps_cpp;rosidl_typesupport_introspection_cpp
[1.207s] -- Found rmw_implementation_cmake: 7.3.1 (/opt/ros/jazzy/share/rmw_implementation_cmake/cmake)
[1.209s] -- Found rmw_fastrtps_cpp: 8.4.1 (/opt/ros/jazzy/share/rmw_fastrtps_cpp/cmake)
[1.338s] -- Found OpenSSL: /usr/lib/aarch64-linux-gnu/libcrypto.so (found version "3.0.13")  
[1.362s] -- Found FastRTPS: /opt/ros/jazzy/include (Required is at least version "2.13") 
[1.397s] -- Using RMW implementation 'rmw_fastrtps_cpp' as default
[1.485s] -- Found rclpy: 7.1.2 (/opt/ros/jazzy/share/rclpy/cmake)
[1.486s] -- Found std_msgs: 5.3.5 (/opt/ros/jazzy/share/std_msgs/cmake)
[1.657s] -- Configuring done (1.6s)
[1.673s] -- Generating done (0.0s)
[1.679s] -- Build files have been written to: /home/angmolgo/Projects/Devs/ROS2Devs/ROS2_tutorial/01_Basics/ws_workspace/build/pkg_pub
[1.697s] Invoked command in '/home/angmolgo/Projects/Devs/ROS2Devs/ROS2_tutorial/01_Basics/ws_workspace/build/pkg_pub' returned '0': CMAKE_PREFIX_PATH=${CMAKE_PREFIX_PATH}:/opt/ros/jazzy /usr/bin/cmake /home/angmolgo/Projects/Devs/ROS2Devs/ROS2_tutorial/01_Basics/ws_workspace/src/pkg_pub -DCMAKE_INSTALL_PREFIX=/home/angmolgo/Projects/Devs/ROS2Devs/ROS2_tutorial/01_Basics/ws_workspace/install/pkg_pub
[1.700s] Invoking command in '/home/angmolgo/Projects/Devs/ROS2Devs/ROS2_tutorial/01_Basics/ws_workspace/build/pkg_pub': CMAKE_PREFIX_PATH=${CMAKE_PREFIX_PATH}:/opt/ros/jazzy /usr/bin/cmake --build /home/angmolgo/Projects/Devs/ROS2Devs/ROS2_tutorial/01_Basics/ws_workspace/build/pkg_pub -- -j4 -l4
[1.789s] [ 50%] [32mBuilding CXX object CMakeFiles/talker.dir/src/minimal_publisher.cpp.o[0m
[8.514s] [100%] [32m[1mLinking CXX executable talker[0m
[8.868s] [100%] Built target talker
[8.889s] Invoked command in '/home/angmolgo/Projects/Devs/ROS2Devs/ROS2_tutorial/01_Basics/ws_workspace/build/pkg_pub' returned '0': CMAKE_PREFIX_PATH=${CMAKE_PREFIX_PATH}:/opt/ros/jazzy /usr/bin/cmake --build /home/angmolgo/Projects/Devs/ROS2Devs/ROS2_tutorial/01_Basics/ws_workspace/build/pkg_pub -- -j4 -l4
[8.907s] Invoking command in '/home/angmolgo/Projects/Devs/ROS2Devs/ROS2_tutorial/01_Basics/ws_workspace/build/pkg_pub': CMAKE_PREFIX_PATH=${CMAKE_PREFIX_PATH}:/opt/ros/jazzy /usr/bin/cmake --install /home/angmolgo/Projects/Devs/ROS2Devs/ROS2_tutorial/01_Basics/ws_workspace/build/pkg_pub
[8.920s] -- Install configuration: ""
[8.920s] -- Installing: /home/angmolgo/Projects/Devs/ROS2Devs/ROS2_tutorial/01_Basics/ws_workspace/install/pkg_pub/lib/pkg_pub/talker
[8.923s] -- Set non-toolchain portion of runtime path of "/home/angmolgo/Projects/Devs/ROS2Devs/ROS2_tutorial/01_Basics/ws_workspace/install/pkg_pub/lib/pkg_pub/talker" to ""
[8.924s] -- Installing: /home/angmolgo/Projects/Devs/ROS2Devs/ROS2_tutorial/01_Basics/ws_workspace/install/pkg_pub/lib/pkg_pub/minimal_suscriber.py
[8.924s] -- Installing: /home/angmolgo/Projects/Devs/ROS2Devs/ROS2_tutorial/01_Basics/ws_workspace/install/pkg_pub/share/ament_index/resource_index/package_run_dependencies/pkg_pub
[8.924s] -- Installing: /home/angmolgo/Projects/Devs/ROS2Devs/ROS2_tutorial/01_Basics/ws_workspace/install/pkg_pub/share/ament_index/resource_index/parent_prefix_path/pkg_pub
[8.925s] -- Installing: /home/angmolgo/Projects/Devs/ROS2Devs/ROS2_tutorial/01_Basics/ws_workspace/install/pkg_pub/share/pkg_pub/environment/ament_prefix_path.sh
[8.925s] -- Installing: /home/angmolgo/Projects/Devs/ROS2Devs/ROS2_tutorial/01_Basics/ws_workspace/install/pkg_pub/share/pkg_pub/environment/ament_prefix_path.dsv
[8.925s] -- Installing: /home/angmolgo/Projects/Devs/ROS2Devs/ROS2_tutorial/01_Basics/ws_workspace/install/pkg_pub/share/pkg_pub/environment/path.sh
[8.925s] -- Installing: /home/angmolgo/Projects/Devs/ROS2Devs/ROS2_tutorial/01_Basics/ws_workspace/install/pkg_pub/share/pkg_pub/environment/path.dsv
[8.926s] -- Installing: /home/angmolgo/Projects/Devs/ROS2Devs/ROS2_tutorial/01_Basics/ws_workspace/install/pkg_pub/share/pkg_pub/local_setup.bash
[8.926s] -- Installing: /home/angmolgo/Projects/Devs/ROS2Devs/ROS2_tutorial/01_Basics/ws_workspace/install/pkg_pub/share/pkg_pub/local_setup.sh
[8.926s] -- Installing: /home/angmolgo/Projects/Devs/ROS2Devs/ROS2_tutorial/01_Basics/ws_workspace/install/pkg_pub/share/pkg_pub/local_setup.zsh
[8.926s] -- Installing: /home/angmolgo/Projects/Devs/ROS2Devs/ROS2_tutorial/01_Basics/ws_workspace/install/pkg_pub/share/pkg_pub/local_setup.dsv
[8.927s] -- Installing: /home/angmolgo/Projects/Devs/ROS2Devs/ROS2_tutorial/01_Basics/ws_workspace/install/pkg_pub/share/pkg_pub/package.dsv
[8.927s] -- Installing: /home/angmolgo/Projects/Devs/ROS2Devs/ROS2_tutorial/01_Basics/ws_workspace/install/pkg_pub/share/ament_index/resource_index/packages/pkg_pub
[8.927s] -- Installing: /home/angmolgo/Projects/Devs/ROS2Devs/ROS2_tutorial/01_Basics/ws_workspace/install/pkg_pub/share/pkg_pub/cmake/pkg_pubConfig.cmake
[8.927s] -- Installing: /home/angmolgo/Projects/Devs/ROS2Devs/ROS2_tutorial/01_Basics/ws_workspace/install/pkg_pub/share/pkg_pub/cmake/pkg_pubConfig-version.cmake
[8.927s] -- Installing: /home/angmolgo/Projects/Devs/ROS2Devs/ROS2_tutorial/01_Basics/ws_workspace/install/pkg_pub/share/pkg_pub/package.xml
[8.931s] Invoked command in '/home/angmolgo/Projects/Devs/ROS2Devs/ROS2_tutorial/01_Basics/ws_workspace/build/pkg_pub' returned '0': CMAKE_PREFIX_PATH=${CMAKE_PREFIX_PATH}:/opt/ros/jazzy /usr/bin/cmake --install /home/angmolgo/Projects/Devs/ROS2Devs/ROS2_tutorial/01_Basics/ws_workspace/build/pkg_pub
