[0.000000] (-) TimerEvent: {}
[0.000284] (pkg_package) JobQueued: {'identifier': 'pkg_package', 'dependencies': OrderedDict()}
[0.000767] (pkg_package) JobStarted: {'identifier': 'pkg_package'}
[0.021603] (pkg_package) JobProgress: {'identifier': 'pkg_package', 'progress': 'cmake'}
[0.022486] (pkg_package) Command: {'cmd': ['/usr/bin/cmake', '/home/angmolgo/Projects/Devs/ROS2Devs/ROS2_tutorial/01_Basics/00_Workspaces_and_packages/ws_workspace/src/pkg_package', '-DCMAKE_INSTALL_PREFIX=/home/angmolgo/Projects/Devs/ROS2Devs/ROS2_tutorial/01_Basics/00_Workspaces_and_packages/ws_workspace/install/pkg_package'], 'cwd': '/home/angmolgo/Projects/Devs/ROS2Devs/ROS2_tutorial/01_Basics/00_Workspaces_and_packages/ws_workspace/build/pkg_package', 'env': OrderedDict({'USER': 'angmolgo', 'SSH_CLIENT': '192.168.100.40 50520 22', 'XDG_SESSION_TYPE': 'tty', 'GIT_ASKPASS': '/home/angmolgo/.vscode-server/cli/servers/Stable-138f619c86f1199955d53b4166bef66ef252935c/server/extensions/git/dist/askpass.sh', 'SHLVL': '1', 'LD_LIBRARY_PATH': '/opt/ros/jazzy/lib/aarch64-linux-gnu:/opt/ros/jazzy/lib', 'BROWSER': '/home/angmolgo/.vscode-server/cli/servers/Stable-138f619c86f1199955d53b4166bef66ef252935c/server/bin/helpers/browser.sh', 'HOME': '/home/angmolgo', 'OLDPWD': '/home/angmolgo/Projects/Devs/ROS2Devs/ROS2_tutorial/01_Basics/00_Workspaces_and_packages/ws_workspace/src', 'TERM_PROGRAM_VERSION': '1.96.0', 'VSCODE_IPC_HOOK_CLI': '/run/user/1000/vscode-ipc-4011c7f3-2139-476f-84b1-0aafebe5d695.sock', 'ROS_PYTHON_VERSION': '3', 'VSCODE_GIT_ASKPASS_MAIN': '/home/angmolgo/.vscode-server/cli/servers/Stable-138f619c86f1199955d53b4166bef66ef252935c/server/extensions/git/dist/askpass-main.js', 'VSCODE_GIT_ASKPASS_NODE': '/home/angmolgo/.vscode-server/cli/servers/Stable-138f619c86f1199955d53b4166bef66ef252935c/server/node', 'SSL_CERT_FILE': '/usr/lib/ssl/cert.pem', 'DBUS_SESSION_BUS_ADDRESS': 'unix:path=/run/user/1000/bus', 'COLORTERM': 'truecolor', 'ROS_DISTRO': 'jazzy', 'LOGNAME': 'angmolgo', '_': '/usr/bin/colcon', 'ROS_VERSION': '2', 'XDG_SESSION_CLASS': 'user', 'TERM': 'xterm-256color', 'XDG_SESSION_ID': '2', 'PATH': '/opt/ros/jazzy/bin:/home/angmolgo/.vscode-server/cli/servers/Stable-138f619c86f1199955d53b4166bef66ef252935c/server/bin/remote-cli:/usr/local/sbin:/usr/local/bin:/usr/sbin:/usr/bin:/sbin:/bin:/usr/games:/usr/local/games:/snap/bin', 'XDG_RUNTIME_DIR': '/run/user/1000', 'SSL_CERT_DIR': '/usr/lib/ssl/certs', 'LANG': 'en_US.UTF-8', 'VSCODE_GIT_IPC_HANDLE': '/run/user/1000/vscode-git-16111ea257.sock', 'TERM_PROGRAM': 'vscode', 'AMENT_PREFIX_PATH': '/opt/ros/jazzy', 'SHELL': '/bin/bash', 'ROS_AUTOMATIC_DISCOVERY_RANGE': 'SUBNET', 'VSCODE_GIT_ASKPASS_EXTRA_ARGS': '', 'PWD': '/home/angmolgo/Projects/Devs/ROS2Devs/ROS2_tutorial/01_Basics/00_Workspaces_and_packages/ws_workspace/build/pkg_package', 'LC_ALL': 'en_US.UTF-8', 'SSH_CONNECTION': '192.168.100.40 50520 192.168.100.8 22', 'XDG_DATA_DIRS': '/usr/local/share:/usr/share:/var/lib/snapd/desktop', 'PYTHONPATH': '/opt/ros/jazzy/lib/python3.12/site-packages', 'COLCON': '1', 'CMAKE_PREFIX_PATH': '/opt/ros/jazzy'}), 'shell': False}
[0.099713] (-) TimerEvent: {}
[0.200165] (-) TimerEvent: {}
[0.300581] (-) TimerEvent: {}
[0.401021] (-) TimerEvent: {}
[0.501479] (-) TimerEvent: {}
[0.601917] (-) TimerEvent: {}
[0.702331] (-) TimerEvent: {}
[0.713438] (pkg_package) StdoutLine: {'line': b'-- The C compiler identification is GNU 13.3.0\n'}
[0.802464] (-) TimerEvent: {}
[0.902897] (-) TimerEvent: {}
[1.003321] (-) TimerEvent: {}
[1.090619] (pkg_package) StdoutLine: {'line': b'-- The CXX compiler identification is GNU 13.3.0\n'}
[1.103463] (-) TimerEvent: {}
[1.132903] (pkg_package) StdoutLine: {'line': b'-- Detecting C compiler ABI info\n'}
[1.203607] (-) TimerEvent: {}
[1.304074] (-) TimerEvent: {}
[1.322642] (pkg_package) StdoutLine: {'line': b'-- Detecting C compiler ABI info - done\n'}
[1.339567] (pkg_package) StdoutLine: {'line': b'-- Check for working C compiler: /usr/bin/cc - skipped\n'}
[1.340639] (pkg_package) StdoutLine: {'line': b'-- Detecting C compile features\n'}
[1.341727] (pkg_package) StdoutLine: {'line': b'-- Detecting C compile features - done\n'}
[1.358482] (pkg_package) StdoutLine: {'line': b'-- Detecting CXX compiler ABI info\n'}
[1.404222] (-) TimerEvent: {}
[1.504653] (-) TimerEvent: {}
[1.540083] (pkg_package) StdoutLine: {'line': b'-- Detecting CXX compiler ABI info - done\n'}
[1.556019] (pkg_package) StdoutLine: {'line': b'-- Check for working CXX compiler: /usr/bin/c++ - skipped\n'}
[1.556424] (pkg_package) StdoutLine: {'line': b'-- Detecting CXX compile features\n'}
[1.557093] (pkg_package) StdoutLine: {'line': b'-- Detecting CXX compile features - done\n'}
[1.570505] (pkg_package) StdoutLine: {'line': b'-- Found ament_cmake: 2.5.2 (/opt/ros/jazzy/share/ament_cmake/cmake)\n'}
[1.604765] (-) TimerEvent: {}
[1.705229] (-) TimerEvent: {}
[1.801921] (pkg_package) StdoutLine: {'line': b'-- Found Python3: /usr/bin/python3 (found version "3.12.3") found components: Interpreter \n'}
[1.805311] (-) TimerEvent: {}
[1.905578] (-) TimerEvent: {}
[1.994204] (pkg_package) StdoutLine: {'line': b'-- Found ament_lint_auto: 0.17.1 (/opt/ros/jazzy/share/ament_lint_auto/cmake)\n'}
[2.005680] (-) TimerEvent: {}
[2.106078] (-) TimerEvent: {}
[2.181077] (pkg_package) StdoutLine: {'line': b"-- Added test 'lint_cmake' to check CMake code style\n"}
[2.184332] (pkg_package) StdoutLine: {'line': b"-- Added test 'xmllint' to check XML markup files\n"}
[2.187958] (pkg_package) StdoutLine: {'line': b'-- Configuring done (2.0s)\n'}
[2.194389] (pkg_package) StdoutLine: {'line': b'-- Generating done (0.0s)\n'}
[2.197455] (pkg_package) StdoutLine: {'line': b'-- Build files have been written to: /home/angmolgo/Projects/Devs/ROS2Devs/ROS2_tutorial/01_Basics/00_Workspaces_and_packages/ws_workspace/build/pkg_package\n'}
[2.205947] (pkg_package) CommandEnded: {'returncode': 0}
[2.206680] (-) TimerEvent: {}
[2.208438] (pkg_package) JobProgress: {'identifier': 'pkg_package', 'progress': 'build'}
[2.208496] (pkg_package) Command: {'cmd': ['/usr/bin/cmake', '--build', '/home/angmolgo/Projects/Devs/ROS2Devs/ROS2_tutorial/01_Basics/00_Workspaces_and_packages/ws_workspace/build/pkg_package', '--', '-j4', '-l4'], 'cwd': '/home/angmolgo/Projects/Devs/ROS2Devs/ROS2_tutorial/01_Basics/00_Workspaces_and_packages/ws_workspace/build/pkg_package', 'env': OrderedDict({'USER': 'angmolgo', 'SSH_CLIENT': '192.168.100.40 50520 22', 'XDG_SESSION_TYPE': 'tty', 'GIT_ASKPASS': '/home/angmolgo/.vscode-server/cli/servers/Stable-138f619c86f1199955d53b4166bef66ef252935c/server/extensions/git/dist/askpass.sh', 'SHLVL': '1', 'LD_LIBRARY_PATH': '/opt/ros/jazzy/lib/aarch64-linux-gnu:/opt/ros/jazzy/lib', 'BROWSER': '/home/angmolgo/.vscode-server/cli/servers/Stable-138f619c86f1199955d53b4166bef66ef252935c/server/bin/helpers/browser.sh', 'HOME': '/home/angmolgo', 'OLDPWD': '/home/angmolgo/Projects/Devs/ROS2Devs/ROS2_tutorial/01_Basics/00_Workspaces_and_packages/ws_workspace/src', 'TERM_PROGRAM_VERSION': '1.96.0', 'VSCODE_IPC_HOOK_CLI': '/run/user/1000/vscode-ipc-4011c7f3-2139-476f-84b1-0aafebe5d695.sock', 'ROS_PYTHON_VERSION': '3', 'VSCODE_GIT_ASKPASS_MAIN': '/home/angmolgo/.vscode-server/cli/servers/Stable-138f619c86f1199955d53b4166bef66ef252935c/server/extensions/git/dist/askpass-main.js', 'VSCODE_GIT_ASKPASS_NODE': '/home/angmolgo/.vscode-server/cli/servers/Stable-138f619c86f1199955d53b4166bef66ef252935c/server/node', 'SSL_CERT_FILE': '/usr/lib/ssl/cert.pem', 'DBUS_SESSION_BUS_ADDRESS': 'unix:path=/run/user/1000/bus', 'COLORTERM': 'truecolor', 'ROS_DISTRO': 'jazzy', 'LOGNAME': 'angmolgo', '_': '/usr/bin/colcon', 'ROS_VERSION': '2', 'XDG_SESSION_CLASS': 'user', 'TERM': 'xterm-256color', 'XDG_SESSION_ID': '2', 'PATH': '/opt/ros/jazzy/bin:/home/angmolgo/.vscode-server/cli/servers/Stable-138f619c86f1199955d53b4166bef66ef252935c/server/bin/remote-cli:/usr/local/sbin:/usr/local/bin:/usr/sbin:/usr/bin:/sbin:/bin:/usr/games:/usr/local/games:/snap/bin', 'XDG_RUNTIME_DIR': '/run/user/1000', 'SSL_CERT_DIR': '/usr/lib/ssl/certs', 'LANG': 'en_US.UTF-8', 'VSCODE_GIT_IPC_HANDLE': '/run/user/1000/vscode-git-16111ea257.sock', 'TERM_PROGRAM': 'vscode', 'AMENT_PREFIX_PATH': '/opt/ros/jazzy', 'SHELL': '/bin/bash', 'ROS_AUTOMATIC_DISCOVERY_RANGE': 'SUBNET', 'VSCODE_GIT_ASKPASS_EXTRA_ARGS': '', 'PWD': '/home/angmolgo/Projects/Devs/ROS2Devs/ROS2_tutorial/01_Basics/00_Workspaces_and_packages/ws_workspace/build/pkg_package', 'LC_ALL': 'en_US.UTF-8', 'SSH_CONNECTION': '192.168.100.40 50520 192.168.100.8 22', 'XDG_DATA_DIRS': '/usr/local/share:/usr/share:/var/lib/snapd/desktop', 'PYTHONPATH': '/opt/ros/jazzy/lib/python3.12/site-packages', 'COLCON': '1', 'CMAKE_PREFIX_PATH': '/opt/ros/jazzy'}), 'shell': False}
[2.274784] (pkg_package) CommandEnded: {'returncode': 0}
[2.275607] (pkg_package) JobProgress: {'identifier': 'pkg_package', 'progress': 'install'}
[2.291523] (pkg_package) Command: {'cmd': ['/usr/bin/cmake', '--install', '/home/angmolgo/Projects/Devs/ROS2Devs/ROS2_tutorial/01_Basics/00_Workspaces_and_packages/ws_workspace/build/pkg_package'], 'cwd': '/home/angmolgo/Projects/Devs/ROS2Devs/ROS2_tutorial/01_Basics/00_Workspaces_and_packages/ws_workspace/build/pkg_package', 'env': OrderedDict({'USER': 'angmolgo', 'SSH_CLIENT': '192.168.100.40 50520 22', 'XDG_SESSION_TYPE': 'tty', 'GIT_ASKPASS': '/home/angmolgo/.vscode-server/cli/servers/Stable-138f619c86f1199955d53b4166bef66ef252935c/server/extensions/git/dist/askpass.sh', 'SHLVL': '1', 'LD_LIBRARY_PATH': '/opt/ros/jazzy/lib/aarch64-linux-gnu:/opt/ros/jazzy/lib', 'BROWSER': '/home/angmolgo/.vscode-server/cli/servers/Stable-138f619c86f1199955d53b4166bef66ef252935c/server/bin/helpers/browser.sh', 'HOME': '/home/angmolgo', 'OLDPWD': '/home/angmolgo/Projects/Devs/ROS2Devs/ROS2_tutorial/01_Basics/00_Workspaces_and_packages/ws_workspace/src', 'TERM_PROGRAM_VERSION': '1.96.0', 'VSCODE_IPC_HOOK_CLI': '/run/user/1000/vscode-ipc-4011c7f3-2139-476f-84b1-0aafebe5d695.sock', 'ROS_PYTHON_VERSION': '3', 'VSCODE_GIT_ASKPASS_MAIN': '/home/angmolgo/.vscode-server/cli/servers/Stable-138f619c86f1199955d53b4166bef66ef252935c/server/extensions/git/dist/askpass-main.js', 'VSCODE_GIT_ASKPASS_NODE': '/home/angmolgo/.vscode-server/cli/servers/Stable-138f619c86f1199955d53b4166bef66ef252935c/server/node', 'SSL_CERT_FILE': '/usr/lib/ssl/cert.pem', 'DBUS_SESSION_BUS_ADDRESS': 'unix:path=/run/user/1000/bus', 'COLORTERM': 'truecolor', 'ROS_DISTRO': 'jazzy', 'LOGNAME': 'angmolgo', '_': '/usr/bin/colcon', 'ROS_VERSION': '2', 'XDG_SESSION_CLASS': 'user', 'TERM': 'xterm-256color', 'XDG_SESSION_ID': '2', 'PATH': '/opt/ros/jazzy/bin:/home/angmolgo/.vscode-server/cli/servers/Stable-138f619c86f1199955d53b4166bef66ef252935c/server/bin/remote-cli:/usr/local/sbin:/usr/local/bin:/usr/sbin:/usr/bin:/sbin:/bin:/usr/games:/usr/local/games:/snap/bin', 'XDG_RUNTIME_DIR': '/run/user/1000', 'SSL_CERT_DIR': '/usr/lib/ssl/certs', 'LANG': 'en_US.UTF-8', 'VSCODE_GIT_IPC_HANDLE': '/run/user/1000/vscode-git-16111ea257.sock', 'TERM_PROGRAM': 'vscode', 'AMENT_PREFIX_PATH': '/opt/ros/jazzy', 'SHELL': '/bin/bash', 'ROS_AUTOMATIC_DISCOVERY_RANGE': 'SUBNET', 'VSCODE_GIT_ASKPASS_EXTRA_ARGS': '', 'PWD': '/home/angmolgo/Projects/Devs/ROS2Devs/ROS2_tutorial/01_Basics/00_Workspaces_and_packages/ws_workspace/build/pkg_package', 'LC_ALL': 'en_US.UTF-8', 'SSH_CONNECTION': '192.168.100.40 50520 192.168.100.8 22', 'XDG_DATA_DIRS': '/usr/local/share:/usr/share:/var/lib/snapd/desktop', 'PYTHONPATH': '/opt/ros/jazzy/lib/python3.12/site-packages', 'COLCON': '1', 'CMAKE_PREFIX_PATH': '/opt/ros/jazzy'}), 'shell': False}
[2.306364] (pkg_package) StdoutLine: {'line': b'-- Install configuration: ""\n'}
[2.306717] (pkg_package) StdoutLine: {'line': b'-- Installing: /home/angmolgo/Projects/Devs/ROS2Devs/ROS2_tutorial/01_Basics/00_Workspaces_and_packages/ws_workspace/install/pkg_package/share/ament_index/resource_index/package_run_dependencies/pkg_package\n'}
[2.306858] (-) TimerEvent: {}
[2.307074] (pkg_package) StdoutLine: {'line': b'-- Installing: /home/angmolgo/Projects/Devs/ROS2Devs/ROS2_tutorial/01_Basics/00_Workspaces_and_packages/ws_workspace/install/pkg_package/share/ament_index/resource_index/parent_prefix_path/pkg_package\n'}
[2.307424] (pkg_package) StdoutLine: {'line': b'-- Installing: /home/angmolgo/Projects/Devs/ROS2Devs/ROS2_tutorial/01_Basics/00_Workspaces_and_packages/ws_workspace/install/pkg_package/share/pkg_package/environment/ament_prefix_path.sh\n'}
[2.307609] (pkg_package) StdoutLine: {'line': b'-- Installing: /home/angmolgo/Projects/Devs/ROS2Devs/ROS2_tutorial/01_Basics/00_Workspaces_and_packages/ws_workspace/install/pkg_package/share/pkg_package/environment/ament_prefix_path.dsv\n'}
[2.307781] (pkg_package) StdoutLine: {'line': b'-- Installing: /home/angmolgo/Projects/Devs/ROS2Devs/ROS2_tutorial/01_Basics/00_Workspaces_and_packages/ws_workspace/install/pkg_package/share/pkg_package/environment/path.sh\n'}
[2.307963] (pkg_package) StdoutLine: {'line': b'-- Installing: /home/angmolgo/Projects/Devs/ROS2Devs/ROS2_tutorial/01_Basics/00_Workspaces_and_packages/ws_workspace/install/pkg_package/share/pkg_package/environment/path.dsv\n'}
[2.308144] (pkg_package) StdoutLine: {'line': b'-- Installing: /home/angmolgo/Projects/Devs/ROS2Devs/ROS2_tutorial/01_Basics/00_Workspaces_and_packages/ws_workspace/install/pkg_package/share/pkg_package/local_setup.bash\n'}
[2.308372] (pkg_package) StdoutLine: {'line': b'-- Installing: /home/angmolgo/Projects/Devs/ROS2Devs/ROS2_tutorial/01_Basics/00_Workspaces_and_packages/ws_workspace/install/pkg_package/share/pkg_package/local_setup.sh\n'}
[2.308561] (pkg_package) StdoutLine: {'line': b'-- Installing: /home/angmolgo/Projects/Devs/ROS2Devs/ROS2_tutorial/01_Basics/00_Workspaces_and_packages/ws_workspace/install/pkg_package/share/pkg_package/local_setup.zsh\n'}
[2.308734] (pkg_package) StdoutLine: {'line': b'-- Installing: /home/angmolgo/Projects/Devs/ROS2Devs/ROS2_tutorial/01_Basics/00_Workspaces_and_packages/ws_workspace/install/pkg_package/share/pkg_package/local_setup.dsv\n'}
[2.309002] (pkg_package) StdoutLine: {'line': b'-- Installing: /home/angmolgo/Projects/Devs/ROS2Devs/ROS2_tutorial/01_Basics/00_Workspaces_and_packages/ws_workspace/install/pkg_package/share/pkg_package/package.dsv\n'}
[2.309248] (pkg_package) StdoutLine: {'line': b'-- Installing: /home/angmolgo/Projects/Devs/ROS2Devs/ROS2_tutorial/01_Basics/00_Workspaces_and_packages/ws_workspace/install/pkg_package/share/ament_index/resource_index/packages/pkg_package\n'}
[2.309481] (pkg_package) StdoutLine: {'line': b'-- Installing: /home/angmolgo/Projects/Devs/ROS2Devs/ROS2_tutorial/01_Basics/00_Workspaces_and_packages/ws_workspace/install/pkg_package/share/pkg_package/cmake/pkg_packageConfig.cmake\n'}
[2.309615] (pkg_package) StdoutLine: {'line': b'-- Installing: /home/angmolgo/Projects/Devs/ROS2Devs/ROS2_tutorial/01_Basics/00_Workspaces_and_packages/ws_workspace/install/pkg_package/share/pkg_package/cmake/pkg_packageConfig-version.cmake\n'}
[2.309783] (pkg_package) StdoutLine: {'line': b'-- Installing: /home/angmolgo/Projects/Devs/ROS2Devs/ROS2_tutorial/01_Basics/00_Workspaces_and_packages/ws_workspace/install/pkg_package/share/pkg_package/package.xml\n'}
[2.312666] (pkg_package) CommandEnded: {'returncode': 0}
[2.352357] (pkg_package) JobEnded: {'identifier': 'pkg_package', 'rc': 0}
[2.353561] (-) EventReactorShutdown: {}
